Build started 12/11/2015 9:49:52 PM.
     1>Project "D:\Workbench\Programming\Learn\C++ Primer\Demonstrate Project\Demonstrate Project\Demonstrate Project.vcxproj" on node 2 (Build target(s)).
     1>ClCompile:
         C:\Program Files (x86)\Microsoft Visual Studio 12.0\VC\bin\CL.exe /c /ZI /nologo /W3 /WX- /sdl /Od /Oy- /D WIN32 /D _DEBUG /D _CONSOLE /D _LIB /D _UNICODE /D UNICODE /Gm /EHsc /RTC1 /MDd /GS /fp:precise /Zc:wchar_t /Zc:forScope /Fo"Debug\\" /Fd"Debug\vc120.pdb" /Gd /TP /analyze- /errorReport:prompt AccessControl.cpp Main.cpp
         AccessControl.cpp
     1>d:\workbench\programming\learn\c++ primer\demonstrate project\demonstrate project\accesscontrol.h(11): error C3646: 'noexcept' : unknown override specifier
         Generating Code...
         Compiling...
         Main.cpp
     1>d:\workbench\programming\learn\c++ primer\demonstrate project\demonstrate project\accesscontrol.h(11): error C3646: 'noexcept' : unknown override specifier
         Generating Code...
     1>Done Building Project "D:\Workbench\Programming\Learn\C++ Primer\Demonstrate Project\Demonstrate Project\Demonstrate Project.vcxproj" (Build target(s)) -- FAILED.

Build FAILED.

Time Elapsed 00:00:00.67
